# JRE version: OpenJDK Runtime Environment Microsoft-8035246 (17.0.8+7) (build 17.0.8+7-LTS)
# Java VM: OpenJDK 64-Bit Server VM Microsoft-8035246 (17.0.8+7-LTS, mixed mode, emulated-client, sharing, tiered, compressed oops, compressed class ptrs, g1 gc, windows-amd64)
GC Precious Log:
 CPUs: 8 total, 8 available
 Memory: 7937M
 Large Page Support: Disabled
 NUMA Support: Disabled
 Compressed Oops: Enabled (32-bit)
 Heap Region Size: 1M
 Heap Min Capacity: 8M
 Heap Initial Capacity: 126M
 Heap Max Capacity: 1986M
 Pre-touch: Disabled
 Parallel Workers: 8
 Concurrent Workers: 2
 Concurrent Refinement Workers: 8
 Periodic GC: Disabled
Heap:
 garbage-first heap   total 147456K, used 76001K [0x0000000083e00000, 0x0000000100000000)
  region size 1024K, 1 young (1024K), 1 survivors (1024K)
 Metaspace       used 81548K, committed 82240K, reserved 1179648K
  class space    used 12083K, committed 12416K, reserved 1048576K
GC Heap History (20 events):
Event: 14.945 GC heap after
{Heap after GC invocations=14 (full 0):
 garbage-first heap   total 126976K, used 58682K [0x0000000083e00000, 0x0000000100000000)
  region size 1024K, 6 young (6144K), 6 survivors (6144K)
 Metaspace       used 54838K, committed 55360K, reserved 1114112K
  class space    used 7523K, committed 7808K, reserved 1048576K
}
Event: 15.669 GC heap before
{Heap before GC invocations=14 (full 0):
 garbage-first heap   total 126976K, used 90426K [0x0000000083e00000, 0x0000000100000000)
  region size 1024K, 38 young (38912K), 6 survivors (6144K)
 Metaspace       used 60000K, committed 60480K, reserved 1114112K
  class space    used 8412K, committed 8640K, reserved 1048576K
}
Event: 15.675 GC heap after
{Heap after GC invocations=15 (full 0):
 garbage-first heap   total 126976K, used 61224K [0x0000000083e00000, 0x0000000100000000)
  region size 1024K, 5 young (5120K), 5 survivors (5120K)
 Metaspace       used 60000K, committed 60480K, reserved 1114112K
  class space    used 8412K, committed 8640K, reserved 1048576K
}
Event: 16.318 GC heap before
{Heap before GC invocations=16 (full 0):
 garbage-first heap   total 126976K, used 101160K [0x0000000083e00000, 0x0000000100000000)
  region size 1024K, 44 young (45056K), 5 survivors (5120K)
 Metaspace       used 67116K, committed 67648K, reserved 1114112K
  class space    used 9691K, committed 9920K, reserved 1048576K
}
Event: 16.323 GC heap after
{Heap after GC invocations=17 (full 0):
 garbage-first heap   total 126976K, used 62631K [0x0000000083e00000, 0x0000000100000000)
  region size 1024K, 4 young (4096K), 4 survivors (4096K)
 Metaspace       used 67116K, committed 67648K, reserved 1114112K
  class space    used 9691K, committed 9920K, reserved 1048576K
}
Event: 16.687 GC heap before
{Heap before GC invocations=17 (full 0):
 garbage-first heap   total 126976K, used 103591K [0x0000000083e00000, 0x0000000100000000)
  region size 1024K, 44 young (45056K), 4 survivors (4096K)
 Metaspace       used 68767K, committed 69376K, reserved 1114112K
  class space    used 9965K, committed 10240K, reserved 1048576K
}
Event: 16.692 GC heap after
{Heap after GC invocations=18 (full 0):
 garbage-first heap   total 126976K, used 63333K [0x0000000083e00000, 0x0000000100000000)
  region size 1024K, 3 young (3072K), 3 survivors (3072K)
 Metaspace       used 68767K, committed 69376K, reserved 1114112K
  class space    used 9965K, committed 10240K, reserved 1048576K
}
Event: 17.131 GC heap before
{Heap before GC invocations=19 (full 0):
 garbage-first heap   total 126976K, used 103269K [0x0000000083e00000, 0x0000000100000000)
  region size 1024K, 42 young (43008K), 3 survivors (3072K)
 Metaspace       used 71665K, committed 72256K, reserved 1114112K
  class space    used 10432K, committed 10688K, reserved 1048576K
}
Event: 17.135 GC heap after
{Heap after GC invocations=20 (full 0):
 garbage-first heap   total 126976K, used 65369K [0x0000000083e00000, 0x0000000100000000)
  region size 1024K, 5 young (5120K), 5 survivors (5120K)
 Metaspace       used 71665K, committed 72256K, reserved 1114112K
  class space    used 10432K, committed 10688K, reserved 1048576K
}
Event: 22.645 GC heap before
{Heap before GC invocations=20 (full 0):
 garbage-first heap   total 126976K, used 103257K [0x0000000083e00000, 0x0000000100000000)
  region size 1024K, 42 young (43008K), 5 survivors (5120K)
 Metaspace       used 74998K, committed 75584K, reserved 1114112K
  class space    used 10856K, committed 11136K, reserved 1048576K
}
Event: 22.653 GC heap after
{Heap after GC invocations=21 (full 0):
 garbage-first heap   total 126976K, used 68067K [0x0000000083e00000, 0x0000000100000000)
  region size 1024K, 6 young (6144K), 6 survivors (6144K)
 Metaspace       used 74998K, committed 75584K, reserved 1114112K
  class space    used 10856K, committed 11136K, reserved 1048576K
}
Event: 23.072 GC heap before
{Heap before GC invocations=22 (full 0):
 garbage-first heap   total 126976K, used 102883K [0x0000000083e00000, 0x0000000100000000)
  region size 1024K, 41 young (41984K), 6 survivors (6144K)
 Metaspace       used 78694K, committed 79296K, reserved 1179648K
  class space    used 11644K, committed 11904K, reserved 1048576K
}
Event: 23.079 GC heap after
{Heap after GC invocations=23 (full 0):
 garbage-first heap   total 126976K, used 71327K [0x0000000083e00000, 0x0000000100000000)
  region size 1024K, 6 young (6144K), 6 survivors (6144K)
 Metaspace       used 78694K, committed 79296K, reserved 1179648K
  class space    used 11644K, committed 11904K, reserved 1048576K
}
Event: 23.083 GC heap before
{Heap before GC invocations=23 (full 0):
 garbage-first heap   total 126976K, used 72351K [0x0000000083e00000, 0x0000000100000000)
  region size 1024K, 7 young (7168K), 6 survivors (6144K)
 Metaspace       used 78700K, committed 79296K, reserved 1179648K
  class space    used 11644K, committed 11904K, reserved 1048576K
}
Event: 23.088 GC heap after
{Heap after GC invocations=24 (full 0):
 garbage-first heap   total 126976K, used 71758K [0x0000000083e00000, 0x0000000100000000)
  region size 1024K, 1 young (1024K), 1 survivors (1024K)
 Metaspace       used 78700K, committed 79296K, reserved 1179648K
  class space    used 11644K, committed 11904K, reserved 1048576K
}
Event: 23.445 GC heap before
{Heap before GC invocations=24 (full 0):
 garbage-first heap   total 126976K, used 104526K [0x0000000083e00000, 0x0000000100000000)
  region size 1024K, 33 young (33792K), 1 survivors (1024K)
 Metaspace       used 81411K, committed 82048K, reserved 1179648K
  class space    used 12042K, committed 12352K, reserved 1048576K
}
Event: 23.448 GC heap after
{Heap after GC invocations=25 (full 0):
 garbage-first heap   total 126976K, used 73317K [0x0000000083e00000, 0x0000000100000000)
  region size 1024K, 3 young (3072K), 3 survivors (3072K)
 Metaspace       used 81411K, committed 82048K, reserved 1179648K
  class space    used 12042K, committed 12352K, reserved 1048576K
}
Event: 23.570 GC heap before
{Heap before GC invocations=26 (full 0):
 garbage-first heap   total 147456K, used 105061K [0x0000000083e00000, 0x0000000100000000)
  region size 1024K, 34 young (34816K), 3 survivors (3072K)
 Metaspace       used 81548K, committed 82240K, reserved 1179648K
  class space    used 12083K, committed 12416K, reserved 1048576K
}
Event: 23.574 GC heap after
{Heap after GC invocations=27 (full 0):
 garbage-first heap   total 147456K, used 75668K [0x0000000083e00000, 0x0000000100000000)
  region size 1024K, 5 young (5120K), 5 survivors (5120K)
 Metaspace       used 81548K, committed 82240K, reserved 1179648K
  class space    used 12083K, committed 12416K, reserved 1048576K
}
Event: 23.578 GC heap before
{Heap before GC invocations=27 (full 0):
 garbage-first heap   total 147456K, used 77716K [0x0000000083e00000, 0x0000000100000000)
  region size 1024K, 7 young (7168K), 5 survivors (5120K)
 Metaspace       used 81548K, committed 82240K, reserved 1179648K
  class space    used 12083K, committed 12416K, reserved 1048576K
}

